>>> "தமிழ்" "உயர் தமிழ்" =?= True, தமிழ்
>>> "தமிழ்" "தனி தமிழ்" =?= True, தமிழ்
>>> "தமிழ்" "செம்மொழி தமிழ்" =?= True, தமிழ்
>>> "தமிழ்" "உயர்மொழி தமிழ்" =?= True, தமிழ்
>>> "தமிழ்" "தனிமொழி தமிழ்" =?= True, தமிழ்
>>> "தமிழ்" "செம்மொழி தமிழ்" =?= True, தமிழ்
>>> "தமிழ்" "உயர்செம்மொழி தமிழ்" =?= True, தமிழ்
>>> "தமிழ்" "தனிச்செம்மொழி தமிழ்" =?= True, தமிழ்
>>> "தமிழ்" "உயர்தனிசெம்மொழி தமிழ்" =?= True, தமிழ்
>>> "தமிழ்" "உயர்தனிச்செம்மொழி தமிழ்" =?= True, தமிழ்
>>> "தமிழ்" "கனிமொழி தமிழ்" =?= True, தமிழ்
>>> "தமிழ்" "பனிமொழி தமிழ்" =?= True, தமிழ்
>>> "தமிழ்" "நனிமொழி தமிழ்" =?= True, தமிழ்
>>> "(உயர்|தனி|செம்மொழி) தமிழ்" "உயர் தமிழ்" =?= True, உயர் தமிழ்
>>> "(உயர்|தனி|செம்மொழி) தமிழ்" "தனி தமிழ்" =?= True, தனி தமிழ்
>>> "(உயர்|தனி|செம்மொழி) தமிழ்" "செம்மொழி தமிழ்" =?= True, செம்மொழி தமிழ்
>>> "(உயர்|தனி|செம்மொழி) தமிழ்" "செம்மொழி தமிழ்" =?= True, செம்மொழி தமிழ்
>>> "(உயர்|தனி|செம்மொழி) தமிழ்" "உயர்செம்மொழி தமிழ்" =?= True, செம்மொழி தமிழ்
>>> "(உயர்|தனி|செம்மொழி) தமிழ்" "தனிச்செம்மொழி தமிழ்" =?= True, செம்மொழி தமிழ்
>>> "(உயர்|தனி|செம்மொழி) தமிழ்" "உயர்தனிசெம்மொழி தமிழ்" =?= True, செம்மொழி தமிழ்
>>> "(உயர்|தனி|செம்மொழி) தமிழ்" "உயர்தனிச்செம்மொழி தமிழ்" =?= True, செம்மொழி தமிழ்
>>> "[உதகஅ]மிழ்" "உயர் தமிழ்" =?= True, தமிழ்
>>> "[உதகஅ]மிழ்" "தனி தமிழ்" =?= True, தமிழ்
>>> "[உதகஅ]மிழ்" "செம்மொழி தமிழ்" =?= True, தமிழ்
>>> "[உதகஅ]மிழ்" "உமிழ்" =?= True, உமிழ்
>>> "[உதகஅ]மிழ்" "அமிழ்" =?= True, அமிழ்
>>> "[உதகஅ]மிழ்" "கமிழ்" =?= True, கமிழ்
>>> "[உதகஅ]மிழ்" "உயர்மொழி தமிழ்" =?= True, தமிழ்
>>> "[உதகஅ]மிழ்" "தனிமொழி தமிழ்" =?= True, தமிழ்
>>> "[உதகஅ]மிழ்" "செம்மொழி தமிழ்" =?= True, தமிழ்
>>> "[உதகஅ]மிழ்" "உயர்செம்மொழி தமிழ்" =?= True, தமிழ்
>>> "[உதகஅ]மிழ்" "தனிச்செம்மொழி தமிழ்" =?= True, தமிழ்
>>> "[உதகஅ]மிழ்" "உயர்தனிசெம்மொழி தமிழ்" =?= True, தமிழ்
>>> "[உதகஅ]மிழ்" "உயர்தனிச்செம்மொழி தமிழ்" =?= True, தமிழ்
>>> "[உதகஅ]மிழ்" "கனிமொழி தமிழ்" =?= True, தமிழ்
>>> "[உதகஅ]மிழ்" "பனிமொழி தமிழ்" =?= True, தமிழ்
>>> "[உதகஅ]மிழ்" "நனிமொழி தமிழ்" =?= True, தமிழ்
>>> ".மிழ்" "உயர் தமிழ்" =?= True, தமிழ்
>>> ".மிழ்" "தனி தமிழ்" =?= True, தமிழ்
>>> ".மிழ்" "செம்மொழி தமிழ்" =?= True, தமிழ்
>>> ".மிழ்" "உமிழ்" =?= True, உமிழ்
>>> ".மிழ்" "அமிழ்" =?= True, அமிழ்
>>> ".மிழ்" "கமிழ்" =?= True, கமிழ்
>>> ".மிழ்" "உயர்மொழி தமிழ்" =?= True, தமிழ்
>>> ".மிழ்" "தனிமொழி தமிழ்" =?= True, தமிழ்
>>> ".மிழ்" "செம்மொழி தமிழ்" =?= True, தமிழ்
>>> ".மிழ்" "உயர்செம்மொழி தமிழ்" =?= True, தமிழ்
>>> ".மிழ்" "தனிச்செம்மொழி தமிழ்" =?= True, தமிழ்
>>> ".மிழ்" "உயர்தனிசெம்மொழி தமிழ்" =?= True, தமிழ்
>>> ".மிழ்" "உயர்தனிச்செம்மொழி தமிழ்" =?= True, தமிழ்
>>> ".மிழ்" "கனிமொழி தமிழ்" =?= True, தமிழ்
>>> ".மிழ்" "பனிமொழி தமிழ்" =?= True, தமிழ்
>>> ".மிழ்" "நனிமொழி தமிழ்" =?= True, தமிழ்
>>> "த.ழ்" "உயர் தமிழ்" =?= True, தமிழ்
>>> "த.ழ்" "தனி தமிழ்" =?= True, தமிழ்
>>> "த.ழ்" "செம்மொழி தமிழ்" =?= True, தமிழ்
>>> "த.ழ்" "தமழ்" =?= True, தமழ்
>>> "த.ழ்" "தவழ்" =?= True, தவழ்
>>> "த.ழ்" "உயர்மொழி தமிழ்" =?= True, தமிழ்
>>> "த.ழ்" "தனிமொழி தமிழ்" =?= True, தமிழ்
>>> "த.ழ்" "செம்மொழி தமிழ்" =?= True, தமிழ்
>>> "த.ழ்" "உயர்செம்மொழி தமிழ்" =?= True, தமிழ்
>>> "த.ழ்" "தனிச்செம்மொழி தமிழ்" =?= True, தமிழ்
>>> "த.ழ்" "உயர்தனிசெம்மொழி தமிழ்" =?= True, தமிழ்
>>> "த.ழ்" "உயர்தனிச்செம்மொழி தமிழ்" =?= True, தமிழ்
>>> "த.ழ்" "கனிமொழி தமிழ்" =?= True, தமிழ்
>>> "த.ழ்" "பனிமொழி தமிழ்" =?= True, தமிழ்
>>> "த.ழ்" "நனிமொழி தமிழ்" =?= True, தமிழ்
>>> "..ழ்" "உயர் தமிழ்" =?= True, தமிழ்
>>> "..ழ்" "தனி தமிழ்" =?= True, தமிழ்
>>> "..ழ்" "செம்மொழி தமிழ்" =?= True, தமிழ்
>>> "..ழ்" "உமிழ்" =?= True, உமிழ்
>>> "..ழ்" "அமிழ்" =?= True, அமிழ்
>>> "..ழ்" "கமிழ்" =?= True, கமிழ்
>>> "..ழ்" "தமழ்" =?= True, தமழ்
>>> "..ழ்" "தவழ்" =?= True, தவழ்
>>> "..ழ்" "அகழ்" =?= True, அகழ்
>>> "..ழ்" "புகழ்" =?= True, புகழ்
>>> "..ழ்" "திகழ்" =?= True, திகழ்
>>> "..ழ்" "உயர்மொழி தமிழ்" =?= True, தமிழ்
>>> "..ழ்" "தனிமொழி தமிழ்" =?= True, தமிழ்
>>> "..ழ்" "செம்மொழி தமிழ்" =?= True, தமிழ்
>>> "..ழ்" "உயர்செம்மொழி தமிழ்" =?= True, தமிழ்
>>> "..ழ்" "தனிச்செம்மொழி தமிழ்" =?= True, தமிழ்
>>> "..ழ்" "உயர்தனிசெம்மொழி தமிழ்" =?= True, தமிழ்
>>> "..ழ்" "உயர்தனிச்செம்மொழி தமிழ்" =?= True, தமிழ்
>>> "..ழ்" "கனிமொழி தமிழ்" =?= True, தமிழ்
>>> "..ழ்" "பனிமொழி தமிழ்" =?= True, தமிழ்
>>> "..ழ்" "நனிமொழி தமிழ்" =?= True, தமிழ்
>>> ".* தமிழ்" "உயர் தமிழ்" =?= True, உயர் தமிழ்
>>> ".* தமிழ்" "தனி தமிழ்" =?= True, தனி தமிழ்
>>> ".* தமிழ்" "செம்மொழி தமிழ்" =?= True, செம்மொழி தமிழ்
>>> ".* தமிழ்" "உயர்மொழி தமிழ்" =?= True, உயர்மொழி தமிழ்
>>> ".* தமிழ்" "தனிமொழி தமிழ்" =?= True, தனிமொழி தமிழ்
>>> ".* தமிழ்" "செம்மொழி தமிழ்" =?= True, செம்மொழி தமிழ்
>>> ".* தமிழ்" "உயர்செம்மொழி தமிழ்" =?= True, உயர்செம்மொழி தமிழ்
>>> ".* தமிழ்" "தனிச்செம்மொழி தமிழ்" =?= True, தனிச்செம்மொழி தமிழ்
>>> ".* தமிழ்" "உயர்தனிசெம்மொழி தமிழ்" =?= True, உயர்தனிசெம்மொழி தமிழ்
>>> ".* தமிழ்" "உயர்தனிச்செம்மொழி தமிழ்" =?= True, உயர்தனிச்செம்மொழி தமிழ்
>>> ".* தமிழ்" "கனிமொழி தமிழ்" =?= True, கனிமொழி தமிழ்
>>> ".* தமிழ்" "பனிமொழி தமிழ்" =?= True, பனிமொழி தமிழ்
>>> ".* தமிழ்" "நனிமொழி தமிழ்" =?= True, நனிமொழி தமிழ்
>>> "(தக|பக)+ தங்கம்" "தகதகதகதகதக தங்கம்" =?= True, தகதகதகதகதக தங்கம்
>>> "(தக|பக)+ தங்கம்" "பகபகபகபகபக தங்கம்" =?= True, பகபகபகபகபக தங்கம்
>>> "(தக|பக)+ தங்கம்" "தக தங்கம்" =?= True, தக தங்கம்
>>> "(தக|பக)* .*" "உயர் தமிழ்" =?= True,  தமிழ்
>>> "(தக|பக)* .*" "தனி தமிழ்" =?= True,  தமிழ்
>>> "(தக|பக)* .*" "செம்மொழி தமிழ்" =?= True,  தமிழ்
>>> "(தக|பக)* .*" "தகதகதகதகதக தங்கம்" =?= True, தகதகதகதகதக தங்கம்
>>> "(தக|பக)* .*" "பகபகபகபகபக தங்கம்" =?= True, பகபகபகபகபக தங்கம்
>>> "(தக|பக)* .*" "தக தங்கம்" =?= True, தக தங்கம்
>>> "(தக|பக)* .*" "தகபக புகை " =?= True, தகபக புகை 
>>> "(தக|பக)* .*" "தகபகதகபகதகபகதகபக புகை " =?= True, தகபகதகபகதகபகதகபக புகை 
>>> "(தக|பக)* .*" "உயர்மொழி தமிழ்" =?= True,  தமிழ்
>>> "(தக|பக)* .*" "தனிமொழி தமிழ்" =?= True,  தமிழ்
>>> "(தக|பக)* .*" "செம்மொழி தமிழ்" =?= True,  தமிழ்
>>> "(தக|பக)* .*" "உயர்செம்மொழி தமிழ்" =?= True,  தமிழ்
>>> "(தக|பக)* .*" "தனிச்செம்மொழி தமிழ்" =?= True,  தமிழ்
>>> "(தக|பக)* .*" "உயர்தனிசெம்மொழி தமிழ்" =?= True,  தமிழ்
>>> "(தக|பக)* .*" "உயர்தனிச்செம்மொழி தமிழ்" =?= True,  தமிழ்
>>> "(தக|பக)* .*" "பச்ச்ச்ச்சை பசேஏஏஏஎல் எனறிருந்தது" =?= True,  பசேஏஏஏஎல் எனறிருந்தது
>>> "(தக|பக)* .*" "தகதகவென மின்னியது" =?= True,  மின்னியது
>>> "(தக|பக)* .*" "குபுகுபுவென கொட்டியது" =?= True,  கொட்டியது
>>> "(தக|பக)* .*" "கனிமொழி தமிழ்" =?= True,  தமிழ்
>>> "(தக|பக)* .*" "பனிமொழி தமிழ்" =?= True,  தமிழ்
>>> "(தக|பக)* .*" "நனிமொழி தமிழ்" =?= True,  தமிழ்
>>> "(தக|பக)* .*" "௧௦௦௮ ஆயிரம்" =?= True,  ஆயிரம்
>>> "(தக|பக)* .*" "௧௦௦ மைல்" =?= True,  மைல்
>>> "(தக|பக)* .*" "௮௦ வயது" =?= True,  வயது
>>> "(தக|பக)* .*" "1008 ஆயிரம்" =?= True,  ஆயிரம்
>>> "(தக|பக)* .*" "100 மைல்" =?= True,  மைல்
>>> "(தக|பக)* .*" "80 வயது" =?= True,  வயது
>>> "(தக|பக)* .*" "the great கிரிகாலன் magic show" =?= True,  great கிரிகாலன் magic show
>>> "(தக|பக)* .*" "The Great கிரிகாலன் magic show" =?= True,  Great கிரிகாலன் magic show
>>> "(தக|பக)* .*" "the Great கிரிகாலன் magic show" =?= True,  Great கிரிகாலன் magic show
>>> "(தக|பக)* .*" "The great கிரிகாலன் magic show" =?= True,  great கிரிகாலன் magic show
>>> "(தக|பக)? புகை" "தகபக புகை " =?= True, பக புகை
>>> "(தக|பக)? புகை" "தகபகதகபகதகபகதகபக புகை " =?= True, பக புகை
>>> "(உயர்|தனி|செம்|மொழி)* தமிழ்" "உயர் தமிழ்" =?= True, உயர் தமிழ்
>>> "(உயர்|தனி|செம்|மொழி)* தமிழ்" "தனி தமிழ்" =?= True, தனி தமிழ்
>>> "(உயர்|தனி|செம்|மொழி)* தமிழ்" "செம்மொழி தமிழ்" =?= True, செம்மொழி தமிழ்
>>> "(உயர்|தனி|செம்|மொழி)* தமிழ்" "உயர்மொழி தமிழ்" =?= True, உயர்மொழி தமிழ்
>>> "(உயர்|தனி|செம்|மொழி)* தமிழ்" "தனிமொழி தமிழ்" =?= True, தனிமொழி தமிழ்
>>> "(உயர்|தனி|செம்|மொழி)* தமிழ்" "செம்மொழி தமிழ்" =?= True, செம்மொழி தமிழ்
>>> "(உயர்|தனி|செம்|மொழி)* தமிழ்" "உயர்செம்மொழி தமிழ்" =?= True, உயர்செம்மொழி தமிழ்
>>> "(உயர்|தனி|செம்|மொழி)* தமிழ்" "தனிச்செம்மொழி தமிழ்" =?= True, செம்மொழி தமிழ்
>>> "(உயர்|தனி|செம்|மொழி)* தமிழ்" "உயர்தனிசெம்மொழி தமிழ்" =?= True, உயர்தனிசெம்மொழி தமிழ்
>>> "(உயர்|தனி|செம்|மொழி)* தமிழ்" "உயர்தனிச்செம்மொழி தமிழ்" =?= True, செம்மொழி தமிழ்
>>> "(உயர்|தனி|செம்|மொழி)* தமிழ்" "கனிமொழி தமிழ்" =?= True, மொழி தமிழ்
>>> "(உயர்|தனி|செம்|மொழி)* தமிழ்" "பனிமொழி தமிழ்" =?= True, மொழி தமிழ்
>>> "(உயர்|தனி|செம்|மொழி)* தமிழ்" "நனிமொழி தமிழ்" =?= True, மொழி தமிழ்
>>> "(உயர்|தனி.|செம்|மொழி)* தமிழ்" "உயர் தமிழ்" =?= True, உயர் தமிழ்
>>> "(உயர்|தனி.|செம்|மொழி)* தமிழ்" "தனி தமிழ்" =?= True,  தமிழ்
>>> "(உயர்|தனி.|செம்|மொழி)* தமிழ்" "செம்மொழி தமிழ்" =?= True, செம்மொழி தமிழ்
>>> "(உயர்|தனி.|செம்|மொழி)* தமிழ்" "உயர்மொழி தமிழ்" =?= True, உயர்மொழி தமிழ்
>>> "(உயர்|தனி.|செம்|மொழி)* தமிழ்" "தனிமொழி தமிழ்" =?= True, மொழி தமிழ்
>>> "(உயர்|தனி.|செம்|மொழி)* தமிழ்" "செம்மொழி தமிழ்" =?= True, செம்மொழி தமிழ்
>>> "(உயர்|தனி.|செம்|மொழி)* தமிழ்" "உயர்செம்மொழி தமிழ்" =?= True, உயர்செம்மொழி தமிழ்
>>> "(உயர்|தனி.|செம்|மொழி)* தமிழ்" "தனிச்செம்மொழி தமிழ்" =?= True, தனிச்செம்மொழி தமிழ்
>>> "(உயர்|தனி.|செம்|மொழி)* தமிழ்" "உயர்தனிசெம்மொழி தமிழ்" =?= True, செம்மொழி தமிழ்
>>> "(உயர்|தனி.|செம்|மொழி)* தமிழ்" "உயர்தனிச்செம்மொழி தமிழ்" =?= True, உயர்தனிச்செம்மொழி தமிழ்
>>> "(உயர்|தனி.|செம்|மொழி)* தமிழ்" "கனிமொழி தமிழ்" =?= True, மொழி தமிழ்
>>> "(உயர்|தனி.|செம்|மொழி)* தமிழ்" "பனிமொழி தமிழ்" =?= True, மொழி தமிழ்
>>> "(உயர்|தனி.|செம்|மொழி)* தமிழ்" "நனிமொழி தமிழ்" =?= True, மொழி தமிழ்
>>> "(தக|குபு)+" "தகதகதகதகதக தங்கம்" =?= True, தகதகதகதகதக
>>> "(தக|குபு)+" "தக தங்கம்" =?= True, தக
>>> "(தக|குபு)+" "தகபக புகை " =?= True, தக
>>> "(தக|குபு)+" "தகபகதகபகதகபகதகபக புகை " =?= True, தக
>>> "(தக|குபு)+" "தகதகவென மின்னியது" =?= True, தகதக
>>> "(தக|குபு)+" "குபுகுபுவென கொட்டியது" =?= True, குபுகுபு
>>> "(தக|குபு)+.*" "தகதகதகதகதக தங்கம்" =?= True, தகதகதகதகதக தங்கம்
>>> "(தக|குபு)+.*" "தக தங்கம்" =?= True, தக தங்கம்
>>> "(தக|குபு)+.*" "தகபக புகை " =?= True, தகபக புகை 
>>> "(தக|குபு)+.*" "தகபகதகபகதகபகதகபக புகை " =?= True, தகபகதகபகதகபகதகபக புகை 
>>> "(தக|குபு)+.*" "தகதகவென மின்னியது" =?= True, தகதகவென மின்னியது
>>> "(தக|குபு)+.*" "குபுகுபுவென கொட்டியது" =?= True, குபுகுபுவென கொட்டியது
>>> "^உ.*" "உயர் தமிழ்" =?= True, உயர் தமிழ்
>>> "^உ.*" "உமிழ்" =?= True, உமிழ்
>>> "^உ.*" "உயர்மொழி தமிழ்" =?= True, உயர்மொழி தமிழ்
>>> "^உ.*" "உயர்செம்மொழி தமிழ்" =?= True, உயர்செம்மொழி தமிழ்
>>> "^உ.*" "உயர்தனிசெம்மொழி தமிழ்" =?= True, உயர்தனிசெம்மொழி தமிழ்
>>> "^உ.*" "உயர்தனிச்செம்மொழி தமிழ்" =?= True, உயர்தனிச்செம்மொழி தமிழ்
>>> "^தனி.*" "தனி தமிழ்" =?= True, தனி தமிழ்
>>> "^தனி.*" "தனிமொழி தமிழ்" =?= True, தனிமொழி தமிழ்
>>> "^தனி.*" "தனிச்செம்மொழி தமிழ்" =?= True, தனிச்செம்மொழி தமிழ்
>>> "\எ+ \சொ+" "௧௦௦௮ ஆயிரம்" =?= True, ௧௦௦௮ ஆயிரம்
>>> "\எ+ \சொ+" "௧௦௦ மைல்" =?= True, ௧௦௦ மைல்
>>> "\எ+ \சொ+" "௮௦ வயது" =?= True, ௮௦ வயது
>>> "\எ+ \சொ+" "1008 ஆயிரம்" =?= True, 1008 ஆயிரம்
>>> "\எ+ \சொ+" "100 மைல்" =?= True, 100 மைல்
>>> "\எ+ \சொ+" "80 வயது" =?= True, 80 வயது
>>> "^\எ*" "உயர் தமிழ்" =?= True, 
>>> "^\எ*" "தனி தமிழ்" =?= True, 
>>> "^\எ*" "செம்மொழி தமிழ்" =?= True, 
>>> "^\எ*" "உமிழ்" =?= True, 
>>> "^\எ*" "அமிழ்" =?= True, 
>>> "^\எ*" "கமிழ்" =?= True, 
>>> "^\எ*" "தமழ்" =?= True, 
>>> "^\எ*" "தவழ்" =?= True, 
>>> "^\எ*" "அகழ்" =?= True, 
>>> "^\எ*" "புகழ்" =?= True, 
>>> "^\எ*" "திகழ்" =?= True, 
>>> "^\எ*" "தங்கம்" =?= True, 
>>> "^\எ*" "தகதகதகதகதக தங்கம்" =?= True, 
>>> "^\எ*" "பகபகபகபகபக தங்கம்" =?= True, 
>>> "^\எ*" "தக தங்கம்" =?= True, 
>>> "^\எ*" "தகபக புகை " =?= True, 
>>> "^\எ*" "தகபகதகபகதகபகதகபக புகை " =?= True, 
>>> "^\எ*" "உயர்மொழி தமிழ்" =?= True, 
>>> "^\எ*" "தனிமொழி தமிழ்" =?= True, 
>>> "^\எ*" "செம்மொழி தமிழ்" =?= True, 
>>> "^\எ*" "உயர்செம்மொழி தமிழ்" =?= True, 
>>> "^\எ*" "தனிச்செம்மொழி தமிழ்" =?= True, 
>>> "^\எ*" "உயர்தனிசெம்மொழி தமிழ்" =?= True, 
>>> "^\எ*" "உயர்தனிச்செம்மொழி தமிழ்" =?= True, 
>>> "^\எ*" "பச்ச்ச்ச்சை பசேஏஏஏஎல் எனறிருந்தது" =?= True, 
>>> "^\எ*" "தகதகவென மின்னியது" =?= True, 
>>> "^\எ*" "குபுகுபுவென கொட்டியது" =?= True, 
>>> "^\எ*" "கனிமொழி தமிழ்" =?= True, 
>>> "^\எ*" "பனிமொழி தமிழ்" =?= True, 
>>> "^\எ*" "நனிமொழி தமிழ்" =?= True, 
>>> "^\எ*" "௧௦௦௮ ஆயிரம்" =?= True, ௧௦௦௮
>>> "^\எ*" "௧௦௦ மைல்" =?= True, ௧௦௦
>>> "^\எ*" "௮௦ வயது" =?= True, ௮௦
>>> "^\எ*" "௧௦௦௮" =?= True, ௧௦௦௮
>>> "^\எ*" "௧௦௦" =?= True, ௧௦௦
>>> "^\எ*" "1008 ஆயிரம்" =?= True, 1008
>>> "^\எ*" "100 மைல்" =?= True, 100
>>> "^\எ*" "80 வயது" =?= True, 80
>>> "^\எ*" "1008" =?= True, 1008
>>> "^\எ*" "100" =?= True, 100
>>> "^\எ*" "the great கிரிகாலன் magic show" =?= True, 
>>> "^\எ*" "The Great கிரிகாலன் magic show" =?= True, 
>>> "^\எ*" "the Great கிரிகாலன் magic show" =?= True, 
>>> "^\எ*" "The great கிரிகாலன் magic show" =?= True, 
>>> "^\எ+ *\சொ*" "௧௦௦௮ ஆயிரம்" =?= True, ௧௦௦௮ ஆயிரம்
>>> "^\எ+ *\சொ*" "௧௦௦ மைல்" =?= True, ௧௦௦ மைல்
>>> "^\எ+ *\சொ*" "௮௦ வயது" =?= True, ௮௦ வயது
>>> "^\எ+ *\சொ*" "௧௦௦௮" =?= True, ௧௦௦
>>> "^\எ+ *\சொ*" "௧௦௦" =?= True, ௧௦
>>> "^\எ+ *\சொ*" "1008 ஆயிரம்" =?= True, 1008 ஆயிரம்
>>> "^\எ+ *\சொ*" "100 மைல்" =?= True, 100 மைல்
>>> "^\எ+ *\சொ*" "80 வயது" =?= True, 80 வயது
>>> "^\எ+ *\சொ*" "1008" =?= True, 100
>>> "^\எ+ *\சொ*" "100" =?= True, 10
>>> "[tT]he [Gg]reat கிரிகாலன் magic show" "the great கிரிகாலன் magic show" =?= True, the great கிரிகாலன் magic show
>>> "[tT]he [Gg]reat கிரிகாலன் magic show" "The Great கிரிகாலன் magic show" =?= True, The Great கிரிகாலன் magic show
>>> "[tT]he [Gg]reat கிரிகாலன் magic show" "the Great கிரிகாலன் magic show" =?= True, the Great கிரிகாலன் magic show
>>> "[tT]he [Gg]reat கிரிகாலன் magic show" "The great கிரிகாலன் magic show" =?= True, The great கிரிகாலன் magic show
